2015-05-20 10:29:06 Error: [Cake\View\Exception\MissingTemplateException] Template file "Home\index.ctp" is missing.
Exception Attributes: array (
  'file' => 'Home\\index.ctp',
)
Request URL: /cake/
Stack Trace:
#0 D:\xampp\htdocs\cake\vendor\cakephp\cakephp\src\View\View.php(460): Cake\View\View->_getViewFileName(NULL)
#1 D:\xampp\htdocs\cake\vendor\cakephp\cakephp\src\Controller\Controller.php(581): Cake\View\View->render(NULL, NULL)
#2 D:\xampp\htdocs\cake\src\Controller\HomeController.php(9): Cake\Controller\Controller->render()
#3 [internal function]: App\Controller\HomeController->index('home')
#4 D:\xampp\htdocs\cake\vendor\cakephp\cakephp\src\Controller\Controller.php(410): call_user_func_array(Array, Array)
#5 D:\xampp\htdocs\cake\vendor\cakephp\cakephp\src\Routing\Dispatcher.php(114): Cake\Controller\Controller->invokeAction()
#6 D:\xampp\htdocs\cake\vendor\cakephp\cakephp\src\Routing\Dispatcher.php(87): Cake\Routing\Dispatcher->_invoke(Object(App\Controller\HomeController))
#7 D:\xampp\htdocs\cake\webroot\index.php(37): Cake\Routing\Dispatcher->dispatch(Object(Cake\Network\Request), Object(Cake\Network\Response))
#8 {main}


2015-05-20 10:49:43 Error: [Cake\Routing\Exception\MissingControllerException] Controller class Items could not be found.
Exception Attributes: array (
  'class' => 'Items',
  'plugin' => NULL,
  'prefix' => NULL,
  '_ext' => NULL,
)
Request URL: /cake/api/items
Stack Trace:
#0 D:\xampp\htdocs\cake\webroot\index.php(37): Cake\Routing\Dispatcher->dispatch(Object(Cake\Network\Request), Object(Cake\Network\Response))
#1 {main}


2015-05-20 10:51:24 Error: [Cake\Routing\Exception\MissingControllerException] Controller class Items could not be found.
Exception Attributes: array (
  'class' => 'Items',
  'plugin' => 'Api',
  'prefix' => NULL,
  '_ext' => NULL,
)
Request URL: /cake/api/items
Stack Trace:
#0 D:\xampp\htdocs\cake\webroot\index.php(37): Cake\Routing\Dispatcher->dispatch(Object(Cake\Network\Request), Object(Cake\Network\Response))
#1 {main}


2015-05-20 10:51:24 Error: [Cake\Routing\Exception\MissingControllerException] Controller class Img could not be found.
Exception Attributes: array (
  'class' => 'Img',
  'plugin' => NULL,
  'prefix' => NULL,
  '_ext' => NULL,
)
Request URL: /cake/img/cake.power.gif
Stack Trace:
#0 D:\xampp\htdocs\cake\webroot\index.php(37): Cake\Routing\Dispatcher->dispatch(Object(Cake\Network\Request), Object(Cake\Network\Response))
#1 {main}


2015-05-20 10:51:24 Error: [Cake\Routing\Exception\MissingControllerException] Controller class Css could not be found.
Exception Attributes: array (
  'class' => 'Css',
  'plugin' => NULL,
  'prefix' => NULL,
  '_ext' => NULL,
)
Request URL: /cake/css/base.css
Stack Trace:
#0 D:\xampp\htdocs\cake\webroot\index.php(37): Cake\Routing\Dispatcher->dispatch(Object(Cake\Network\Request), Object(Cake\Network\Response))
#1 {main}


2015-05-20 10:51:24 Error: [Cake\Routing\Exception\MissingControllerException] Controller class Css could not be found.
Exception Attributes: array (
  'class' => 'Css',
  'plugin' => NULL,
  'prefix' => NULL,
  '_ext' => NULL,
)
Request URL: /cake/css/cake.css
Stack Trace:
#0 D:\xampp\htdocs\cake\webroot\index.php(37): Cake\Routing\Dispatcher->dispatch(Object(Cake\Network\Request), Object(Cake\Network\Response))
#1 {main}


2015-05-20 10:51:28 Error: [Cake\Routing\Exception\MissingControllerException] Controller class Items could not be found.
Exception Attributes: array (
  'class' => 'Items',
  'plugin' => 'Api',
  'prefix' => NULL,
  '_ext' => NULL,
)
Request URL: /cake/api/items
Stack Trace:
#0 D:\xampp\htdocs\cake\webroot\index.php(37): Cake\Routing\Dispatcher->dispatch(Object(Cake\Network\Request), Object(Cake\Network\Response))
#1 {main}


2015-05-20 10:51:29 Error: [Cake\Routing\Exception\MissingControllerException] Controller class Css could not be found.
Exception Attributes: array (
  'class' => 'Css',
  'plugin' => NULL,
  'prefix' => NULL,
  '_ext' => NULL,
)
Request URL: /cake/css/base.css
Stack Trace:
#0 D:\xampp\htdocs\cake\webroot\index.php(37): Cake\Routing\Dispatcher->dispatch(Object(Cake\Network\Request), Object(Cake\Network\Response))
#1 {main}


2015-05-20 10:51:29 Error: [Cake\Routing\Exception\MissingControllerException] Controller class Css could not be found.
Exception Attributes: array (
  'class' => 'Css',
  'plugin' => NULL,
  'prefix' => NULL,
  '_ext' => NULL,
)
Request URL: /cake/css/cake.css
Stack Trace:
#0 D:\xampp\htdocs\cake\webroot\index.php(37): Cake\Routing\Dispatcher->dispatch(Object(Cake\Network\Request), Object(Cake\Network\Response))
#1 {main}


2015-05-20 10:51:29 Error: [Cake\Routing\Exception\MissingControllerException] Controller class Img could not be found.
Exception Attributes: array (
  'class' => 'Img',
  'plugin' => NULL,
  'prefix' => NULL,
  '_ext' => NULL,
)
Request URL: /cake/img/cake.power.gif
Stack Trace:
#0 D:\xampp\htdocs\cake\webroot\index.php(37): Cake\Routing\Dispatcher->dispatch(Object(Cake\Network\Request), Object(Cake\Network\Response))
#1 {main}


2015-05-20 10:52:30 Error: [Cake\Routing\Exception\MissingControllerException] Controller class Items could not be found.
Exception Attributes: array (
  'class' => 'Items',
  'plugin' => 'Api',
  'prefix' => NULL,
  '_ext' => NULL,
)
Request URL: /cake/api/items
Stack Trace:
#0 D:\xampp\htdocs\cake\webroot\index.php(37): Cake\Routing\Dispatcher->dispatch(Object(Cake\Network\Request), Object(Cake\Network\Response))
#1 {main}


2015-05-20 10:52:30 Error: [Cake\Routing\Exception\MissingControllerException] Controller class Css could not be found.
Exception Attributes: array (
  'class' => 'Css',
  'plugin' => NULL,
  'prefix' => NULL,
  '_ext' => NULL,
)
Request URL: /cake/css/base.css
Stack Trace:
#0 D:\xampp\htdocs\cake\webroot\index.php(37): Cake\Routing\Dispatcher->dispatch(Object(Cake\Network\Request), Object(Cake\Network\Response))
#1 {main}


2015-05-20 10:52:30 Error: [Cake\Routing\Exception\MissingControllerException] Controller class Css could not be found.
Exception Attributes: array (
  'class' => 'Css',
  'plugin' => NULL,
  'prefix' => NULL,
  '_ext' => NULL,
)
Request URL: /cake/css/cake.css
Stack Trace:
#0 D:\xampp\htdocs\cake\webroot\index.php(37): Cake\Routing\Dispatcher->dispatch(Object(Cake\Network\Request), Object(Cake\Network\Response))
#1 {main}


2015-05-20 10:52:30 Error: [Cake\Routing\Exception\MissingControllerException] Controller class Img could not be found.
Exception Attributes: array (
  'class' => 'Img',
  'plugin' => NULL,
  'prefix' => NULL,
  '_ext' => NULL,
)
Request URL: /cake/img/cake.power.gif
Stack Trace:
#0 D:\xampp\htdocs\cake\webroot\index.php(37): Cake\Routing\Dispatcher->dispatch(Object(Cake\Network\Request), Object(Cake\Network\Response))
#1 {main}


2015-05-20 10:52:31 Error: [Cake\Routing\Exception\MissingControllerException] Controller class Items could not be found.
Exception Attributes: array (
  'class' => 'Items',
  'plugin' => 'Api',
  'prefix' => NULL,
  '_ext' => NULL,
)
Request URL: /cake/api/items
Stack Trace:
#0 D:\xampp\htdocs\cake\webroot\index.php(37): Cake\Routing\Dispatcher->dispatch(Object(Cake\Network\Request), Object(Cake\Network\Response))
#1 {main}


2015-05-20 10:52:31 Error: [Cake\Routing\Exception\MissingControllerException] Controller class Css could not be found.
Exception Attributes: array (
  'class' => 'Css',
  'plugin' => NULL,
  'prefix' => NULL,
  '_ext' => NULL,
)
Request URL: /cake/css/cake.css
Stack Trace:
#0 D:\xampp\htdocs\cake\webroot\index.php(37): Cake\Routing\Dispatcher->dispatch(Object(Cake\Network\Request), Object(Cake\Network\Response))
#1 {main}


2015-05-20 10:52:31 Error: [Cake\Routing\Exception\MissingControllerException] Controller class Css could not be found.
Exception Attributes: array (
  'class' => 'Css',
  'plugin' => NULL,
  'prefix' => NULL,
  '_ext' => NULL,
)
Request URL: /cake/css/base.css
Stack Trace:
#0 D:\xampp\htdocs\cake\webroot\index.php(37): Cake\Routing\Dispatcher->dispatch(Object(Cake\Network\Request), Object(Cake\Network\Response))
#1 {main}


2015-05-20 10:52:31 Error: [Cake\Routing\Exception\MissingControllerException] Controller class Img could not be found.
Exception Attributes: array (
  'class' => 'Img',
  'plugin' => NULL,
  'prefix' => NULL,
  '_ext' => NULL,
)
Request URL: /cake/img/cake.power.gif
Stack Trace:
#0 D:\xampp\htdocs\cake\webroot\index.php(37): Cake\Routing\Dispatcher->dispatch(Object(Cake\Network\Request), Object(Cake\Network\Response))
#1 {main}


2015-05-20 10:52:40 Error: [Cake\Routing\Exception\MissingControllerException] Controller class Items could not be found.
Exception Attributes: array (
  'class' => 'Items',
  'plugin' => NULL,
  'prefix' => NULL,
  '_ext' => NULL,
)
Request URL: /cake/api/items
Stack Trace:
#0 D:\xampp\htdocs\cake\webroot\index.php(37): Cake\Routing\Dispatcher->dispatch(Object(Cake\Network\Request), Object(Cake\Network\Response))
#1 {main}


2015-05-20 10:53:09 Error: [Cake\Routing\Exception\MissingControllerException] Controller class Items could not be found.
Exception Attributes: array (
  'class' => 'Items',
  'plugin' => NULL,
  'prefix' => NULL,
  '_ext' => NULL,
)
Request URL: /cake/api/items
Stack Trace:
#0 D:\xampp\htdocs\cake\webroot\index.php(37): Cake\Routing\Dispatcher->dispatch(Object(Cake\Network\Request), Object(Cake\Network\Response))
#1 {main}


2015-05-20 10:53:10 Error: [Cake\Routing\Exception\MissingControllerException] Controller class Items could not be found.
Exception Attributes: array (
  'class' => 'Items',
  'plugin' => NULL,
  'prefix' => NULL,
  '_ext' => NULL,
)
Request URL: /cake/api/items
Stack Trace:
#0 D:\xampp\htdocs\cake\webroot\index.php(37): Cake\Routing\Dispatcher->dispatch(Object(Cake\Network\Request), Object(Cake\Network\Response))
#1 {main}


2015-05-20 10:59:30 Error: [Cake\Routing\Exception\MissingControllerException] Controller class Items could not be found.
Exception Attributes: array (
  'class' => 'Items',
  'plugin' => 'Api',
  'prefix' => NULL,
  '_ext' => NULL,
)
Request URL: /cake/api/items
Stack Trace:
#0 D:\xampp\htdocs\cake\webroot\index.php(37): Cake\Routing\Dispatcher->dispatch(Object(Cake\Network\Request), Object(Cake\Network\Response))
#1 {main}


2015-05-20 10:59:30 Error: [Cake\Routing\Exception\MissingControllerException] Controller class Css could not be found.
Exception Attributes: array (
  'class' => 'Css',
  'plugin' => NULL,
  'prefix' => NULL,
  '_ext' => NULL,
)
Request URL: /cake/css/base.css
Stack Trace:
#0 D:\xampp\htdocs\cake\webroot\index.php(37): Cake\Routing\Dispatcher->dispatch(Object(Cake\Network\Request), Object(Cake\Network\Response))
#1 {main}


2015-05-20 10:59:30 Error: [Cake\Routing\Exception\MissingControllerException] Controller class Css could not be found.
Exception Attributes: array (
  'class' => 'Css',
  'plugin' => NULL,
  'prefix' => NULL,
  '_ext' => NULL,
)
Request URL: /cake/css/cake.css
Stack Trace:
#0 D:\xampp\htdocs\cake\webroot\index.php(37): Cake\Routing\Dispatcher->dispatch(Object(Cake\Network\Request), Object(Cake\Network\Response))
#1 {main}


2015-05-20 10:59:30 Error: [Cake\Routing\Exception\MissingControllerException] Controller class Img could not be found.
Exception Attributes: array (
  'class' => 'Img',
  'plugin' => NULL,
  'prefix' => NULL,
  '_ext' => NULL,
)
Request URL: /cake/img/cake.power.gif
Stack Trace:
#0 D:\xampp\htdocs\cake\webroot\index.php(37): Cake\Routing\Dispatcher->dispatch(Object(Cake\Network\Request), Object(Cake\Network\Response))
#1 {main}


2015-05-20 11:02:03 Error: [Cake\Routing\Exception\MissingControllerException] Controller class Api could not be found.
Exception Attributes: array (
  'class' => 'Api',
  'plugin' => NULL,
  'prefix' => NULL,
  '_ext' => NULL,
)
Request URL: /cake/api/items/index
Stack Trace:
#0 D:\xampp\htdocs\cake\webroot\index.php(37): Cake\Routing\Dispatcher->dispatch(Object(Cake\Network\Request), Object(Cake\Network\Response))
#1 {main}


2015-05-20 11:02:09 Error: [Cake\Routing\Exception\MissingControllerException] Controller class Items could not be found.
Exception Attributes: array (
  'class' => 'Items',
  'plugin' => 'Api',
  'prefix' => NULL,
  '_ext' => NULL,
)
Request URL: /cake/api/items
Stack Trace:
#0 D:\xampp\htdocs\cake\webroot\index.php(37): Cake\Routing\Dispatcher->dispatch(Object(Cake\Network\Request), Object(Cake\Network\Response))
#1 {main}


2015-05-20 11:02:10 Error: [Cake\Routing\Exception\MissingControllerException] Controller class Css could not be found.
Exception Attributes: array (
  'class' => 'Css',
  'plugin' => NULL,
  'prefix' => NULL,
  '_ext' => NULL,
)
Request URL: /cake/css/base.css
Stack Trace:
#0 D:\xampp\htdocs\cake\webroot\index.php(37): Cake\Routing\Dispatcher->dispatch(Object(Cake\Network\Request), Object(Cake\Network\Response))
#1 {main}


2015-05-20 11:02:10 Error: [Cake\Routing\Exception\MissingControllerException] Controller class Css could not be found.
Exception Attributes: array (
  'class' => 'Css',
  'plugin' => NULL,
  'prefix' => NULL,
  '_ext' => NULL,
)
Request URL: /cake/css/cake.css
Stack Trace:
#0 D:\xampp\htdocs\cake\webroot\index.php(37): Cake\Routing\Dispatcher->dispatch(Object(Cake\Network\Request), Object(Cake\Network\Response))
#1 {main}


2015-05-20 11:02:10 Error: [Cake\Routing\Exception\MissingControllerException] Controller class Img could not be found.
Exception Attributes: array (
  'class' => 'Img',
  'plugin' => NULL,
  'prefix' => NULL,
  '_ext' => NULL,
)
Request URL: /cake/img/cake.power.gif
Stack Trace:
#0 D:\xampp\htdocs\cake\webroot\index.php(37): Cake\Routing\Dispatcher->dispatch(Object(Cake\Network\Request), Object(Cake\Network\Response))
#1 {main}


2015-05-20 11:02:24 Error: [Cake\Routing\Exception\MissingControllerException] Controller class Items could not be found.
Exception Attributes: array (
  'class' => 'Items',
  'plugin' => 'Api',
  'prefix' => NULL,
  '_ext' => NULL,
)
Request URL: /cake/api/items
Stack Trace:
#0 D:\xampp\htdocs\cake\webroot\index.php(37): Cake\Routing\Dispatcher->dispatch(Object(Cake\Network\Request), Object(Cake\Network\Response))
#1 {main}


2015-05-20 11:02:24 Error: [Cake\Routing\Exception\MissingControllerException] Controller class Css could not be found.
Exception Attributes: array (
  'class' => 'Css',
  'plugin' => NULL,
  'prefix' => NULL,
  '_ext' => NULL,
)
Request URL: /cake/css/base.css
Stack Trace:
#0 D:\xampp\htdocs\cake\webroot\index.php(37): Cake\Routing\Dispatcher->dispatch(Object(Cake\Network\Request), Object(Cake\Network\Response))
#1 {main}


2015-05-20 11:02:24 Error: [Cake\Routing\Exception\MissingControllerException] Controller class Css could not be found.
Exception Attributes: array (
  'class' => 'Css',
  'plugin' => NULL,
  'prefix' => NULL,
  '_ext' => NULL,
)
Request URL: /cake/css/cake.css
Stack Trace:
#0 D:\xampp\htdocs\cake\webroot\index.php(37): Cake\Routing\Dispatcher->dispatch(Object(Cake\Network\Request), Object(Cake\Network\Response))
#1 {main}


2015-05-20 11:02:24 Error: [Cake\Routing\Exception\MissingControllerException] Controller class Img could not be found.
Exception Attributes: array (
  'class' => 'Img',
  'plugin' => NULL,
  'prefix' => NULL,
  '_ext' => NULL,
)
Request URL: /cake/img/cake.power.gif
Stack Trace:
#0 D:\xampp\htdocs\cake\webroot\index.php(37): Cake\Routing\Dispatcher->dispatch(Object(Cake\Network\Request), Object(Cake\Network\Response))
#1 {main}


2015-05-20 11:02:31 Error: [Cake\Routing\Exception\MissingControllerException] Controller class Items could not be found.
Exception Attributes: array (
  'class' => 'Items',
  'plugin' => NULL,
  'prefix' => NULL,
  '_ext' => NULL,
)
Request URL: /cake/api/items
Stack Trace:
#0 D:\xampp\htdocs\cake\webroot\index.php(37): Cake\Routing\Dispatcher->dispatch(Object(Cake\Network\Request), Object(Cake\Network\Response))
#1 {main}


2015-05-21 01:09:29 Error: [Cake\Routing\Exception\MissingControllerException] Controller class Api could not be found.
Exception Attributes: array (
  'class' => 'Api',
  'plugin' => NULL,
  'prefix' => NULL,
  '_ext' => NULL,
)
Request URL: /cake/api/item
Stack Trace:
#0 D:\xampp\htdocs\cake\webroot\index.php(37): Cake\Routing\Dispatcher->dispatch(Object(Cake\Network\Request), Object(Cake\Network\Response))
#1 {main}


2015-05-21 01:09:33 Error: [Cake\Routing\Exception\MissingControllerException] Controller class Items could not be found.
Exception Attributes: array (
  'class' => 'Items',
  'plugin' => NULL,
  'prefix' => '/api',
  '_ext' => NULL,
)
Request URL: /cake/api/items
Stack Trace:
#0 D:\xampp\htdocs\cake\webroot\index.php(37): Cake\Routing\Dispatcher->dispatch(Object(Cake\Network\Request), Object(Cake\Network\Response))
#1 {main}


2015-05-21 01:10:09 Error: [Cake\Routing\Exception\MissingControllerException] Controller class Api could not be found.
Exception Attributes: array (
  'class' => 'Api',
  'plugin' => NULL,
  'prefix' => NULL,
  '_ext' => NULL,
)
Request URL: /cake/api/items/index
Stack Trace:
#0 D:\xampp\htdocs\cake\webroot\index.php(37): Cake\Routing\Dispatcher->dispatch(Object(Cake\Network\Request), Object(Cake\Network\Response))
#1 {main}


2015-05-21 01:10:13 Error: [Cake\Routing\Exception\MissingControllerException] Controller class Items could not be found.
Exception Attributes: array (
  'class' => 'Items',
  'plugin' => NULL,
  'prefix' => '/api',
  '_ext' => NULL,
)
Request URL: /cake/api/items
Stack Trace:
#0 D:\xampp\htdocs\cake\webroot\index.php(37): Cake\Routing\Dispatcher->dispatch(Object(Cake\Network\Request), Object(Cake\Network\Response))
#1 {main}


2015-05-21 01:10:55 Error: [Cake\Routing\Exception\MissingControllerException] Controller class Items could not be found.
Exception Attributes: array (
  'class' => 'Items',
  'plugin' => NULL,
  'prefix' => '/api',
  '_ext' => NULL,
)
Request URL: /cake/api/items
Stack Trace:
#0 D:\xampp\htdocs\cake\webroot\index.php(37): Cake\Routing\Dispatcher->dispatch(Object(Cake\Network\Request), Object(Cake\Network\Response))
#1 {main}


2015-05-21 01:11:01 Error: [Cake\Routing\Exception\MissingControllerException] Controller class Api could not be found.
Exception Attributes: array (
  'class' => 'Api',
  'plugin' => NULL,
  'prefix' => NULL,
  '_ext' => NULL,
)
Request URL: /cake/api/items/index
Stack Trace:
#0 D:\xampp\htdocs\cake\webroot\index.php(37): Cake\Routing\Dispatcher->dispatch(Object(Cake\Network\Request), Object(Cake\Network\Response))
#1 {main}


2015-05-21 01:13:51 Error: Fatal Error (1): Call to undefined method Cake\Routing\RouteBuilder::resource() in [D:\xampp\htdocs\cake\config\routes.php, line 51]
Trace:
Cake\Error\BaseErrorHandler::handleFatalError() - CORE\src\Error\BaseErrorHandler.php, line 191
Cake\Error\BaseErrorHandler::Cake\Error\{closure}() - CORE\src\Error\BaseErrorHandler.php, line 90
[main] - [internal], line ??



2015-05-21 01:13:51 Error: [Cake\Error\FatalErrorException] Call to undefined method Cake\Routing\RouteBuilder::resource()
Request URL: /cake/items
Stack Trace:
#0 D:\xampp\htdocs\cake\vendor\cakephp\cakephp\src\Error\BaseErrorHandler.php(90): Cake\Error\BaseErrorHandler->handleFatalError(1, 'Call to undefin...', 'D:\\xampp\\htdocs...', 51)
#1 [internal function]: Cake\Error\BaseErrorHandler->Cake\Error\{closure}()
#2 {main}


2015-05-21 01:13:51 Error: Fatal Error (1): Call to undefined method Cake\Routing\RouteBuilder::resource() in [D:\xampp\htdocs\cake\config\routes.php, line 51]
Trace:
Cake\Error\BaseErrorHandler::handleFatalError() - CORE\src\Error\BaseErrorHandler.php, line 191
Cake\Error\BaseErrorHandler::Cake\Error\{closure}() - CORE\src\Error\BaseErrorHandler.php, line 90
[main] - [internal], line ??



2015-05-21 01:13:51 Error: [Cake\Error\FatalErrorException] Call to undefined method Cake\Routing\RouteBuilder::resource()
Request URL: /cake/debug_kit/toolbar/2b6ad062-051a-4661-af70-1894f9efea16
Stack Trace:
#0 D:\xampp\htdocs\cake\vendor\cakephp\cakephp\src\Error\BaseErrorHandler.php(90): Cake\Error\BaseErrorHandler->handleFatalError(1, 'Call to undefin...', 'D:\\xampp\\htdocs...', 51)
#1 [internal function]: Cake\Error\BaseErrorHandler->Cake\Error\{closure}()
#2 {main}


2015-05-21 01:13:51 Error: Fatal Error (1): Call to undefined method Cake\Routing\RouteBuilder::resource() in [D:\xampp\htdocs\cake\config\routes.php, line 51]
Trace:
Cake\Error\BaseErrorHandler::handleFatalError() - CORE\src\Error\BaseErrorHandler.php, line 191
Cake\Error\BaseErrorHandler::Cake\Error\{closure}() - CORE\src\Error\BaseErrorHandler.php, line 90
[main] - [internal], line ??



2015-05-21 01:13:52 Error: [Cake\Error\FatalErrorException] Call to undefined method Cake\Routing\RouteBuilder::resource()
Request URL: /cake/debug_kit/toolbar/ee139ef2-d43d-41eb-a229-8ba130399b42
Stack Trace:
#0 D:\xampp\htdocs\cake\vendor\cakephp\cakephp\src\Error\BaseErrorHandler.php(90): Cake\Error\BaseErrorHandler->handleFatalError(1, 'Call to undefin...', 'D:\\xampp\\htdocs...', 51)
#1 [internal function]: Cake\Error\BaseErrorHandler->Cake\Error\{closure}()
#2 {main}


2015-05-21 01:13:52 Error: Fatal Error (1): Call to undefined method Cake\Routing\RouteBuilder::resource() in [D:\xampp\htdocs\cake\config\routes.php, line 51]
Trace:
Cake\Error\BaseErrorHandler::handleFatalError() - CORE\src\Error\BaseErrorHandler.php, line 191
Cake\Error\BaseErrorHandler::Cake\Error\{closure}() - CORE\src\Error\BaseErrorHandler.php, line 90
[main] - [internal], line ??



2015-05-21 01:13:52 Error: [Cake\Error\FatalErrorException] Call to undefined method Cake\Routing\RouteBuilder::resource()
Request URL: /cake/debug_kit/toolbar/f789cd30-fea9-4bd3-abce-9c7a82c538ff
Stack Trace:
#0 D:\xampp\htdocs\cake\vendor\cakephp\cakephp\src\Error\BaseErrorHandler.php(90): Cake\Error\BaseErrorHandler->handleFatalError(1, 'Call to undefin...', 'D:\\xampp\\htdocs...', 51)
#1 [internal function]: Cake\Error\BaseErrorHandler->Cake\Error\{closure}()
#2 {main}


2015-05-21 01:13:52 Error: Fatal Error (1): Call to undefined method Cake\Routing\RouteBuilder::resource() in [D:\xampp\htdocs\cake\config\routes.php, line 51]
Trace:
Cake\Error\BaseErrorHandler::handleFatalError() - CORE\src\Error\BaseErrorHandler.php, line 191
Cake\Error\BaseErrorHandler::Cake\Error\{closure}() - CORE\src\Error\BaseErrorHandler.php, line 90
[main] - [internal], line ??



2015-05-21 01:13:52 Error: [Cake\Error\FatalErrorException] Call to undefined method Cake\Routing\RouteBuilder::resource()
Request URL: /cake/debug_kit/toolbar/52a7edf6-dfc9-40cf-a342-737ef54e3fa1
Stack Trace:
#0 D:\xampp\htdocs\cake\vendor\cakephp\cakephp\src\Error\BaseErrorHandler.php(90): Cake\Error\BaseErrorHandler->handleFatalError(1, 'Call to undefin...', 'D:\\xampp\\htdocs...', 51)
#1 [internal function]: Cake\Error\BaseErrorHandler->Cake\Error\{closure}()
#2 {main}


2015-05-21 01:13:52 Error: Fatal Error (1): Call to undefined method Cake\Routing\RouteBuilder::resource() in [D:\xampp\htdocs\cake\config\routes.php, line 51]
Trace:
Cake\Error\BaseErrorHandler::handleFatalError() - CORE\src\Error\BaseErrorHandler.php, line 191
Cake\Error\BaseErrorHandler::Cake\Error\{closure}() - CORE\src\Error\BaseErrorHandler.php, line 90
[main] - [internal], line ??



2015-05-21 01:13:52 Error: [Cake\Error\FatalErrorException] Call to undefined method Cake\Routing\RouteBuilder::resource()
Request URL: /cake/debug_kit/toolbar/928f9e60-4489-442a-8e75-07ff85fc5fd5
Stack Trace:
#0 D:\xampp\htdocs\cake\vendor\cakephp\cakephp\src\Error\BaseErrorHandler.php(90): Cake\Error\BaseErrorHandler->handleFatalError(1, 'Call to undefin...', 'D:\\xampp\\htdocs...', 51)
#1 [internal function]: Cake\Error\BaseErrorHandler->Cake\Error\{closure}()
#2 {main}


2015-05-21 01:13:52 Error: Fatal Error (1): Call to undefined method Cake\Routing\RouteBuilder::resource() in [D:\xampp\htdocs\cake\config\routes.php, line 51]
Trace:
Cake\Error\BaseErrorHandler::handleFatalError() - CORE\src\Error\BaseErrorHandler.php, line 191
Cake\Error\BaseErrorHandler::Cake\Error\{closure}() - CORE\src\Error\BaseErrorHandler.php, line 90
[main] - [internal], line ??



2015-05-21 01:13:53 Error: [Cake\Error\FatalErrorException] Call to undefined method Cake\Routing\RouteBuilder::resource()
Request URL: /cake/debug_kit/toolbar/06cfaf62-92b2-464c-9124-724112c96c41
Stack Trace:
#0 D:\xampp\htdocs\cake\vendor\cakephp\cakephp\src\Error\BaseErrorHandler.php(90): Cake\Error\BaseErrorHandler->handleFatalError(1, 'Call to undefin...', 'D:\\xampp\\htdocs...', 51)
#1 [internal function]: Cake\Error\BaseErrorHandler->Cake\Error\{closure}()
#2 {main}


2015-05-21 01:13:53 Error: Fatal Error (1): Call to undefined method Cake\Routing\RouteBuilder::resource() in [D:\xampp\htdocs\cake\config\routes.php, line 51]
Trace:
Cake\Error\BaseErrorHandler::handleFatalError() - CORE\src\Error\BaseErrorHandler.php, line 191
Cake\Error\BaseErrorHandler::Cake\Error\{closure}() - CORE\src\Error\BaseErrorHandler.php, line 90
[main] - [internal], line ??



2015-05-21 01:13:53 Error: [Cake\Error\FatalErrorException] Call to undefined method Cake\Routing\RouteBuilder::resource()
Request URL: /cake/debug_kit/toolbar/06fdc38f-a891-4366-8325-2bc1b433dba8
Stack Trace:
#0 D:\xampp\htdocs\cake\vendor\cakephp\cakephp\src\Error\BaseErrorHandler.php(90): Cake\Error\BaseErrorHandler->handleFatalError(1, 'Call to undefin...', 'D:\\xampp\\htdocs...', 51)
#1 [internal function]: Cake\Error\BaseErrorHandler->Cake\Error\{closure}()
#2 {main}


2015-05-21 01:13:53 Error: Fatal Error (1): Call to undefined method Cake\Routing\RouteBuilder::resource() in [D:\xampp\htdocs\cake\config\routes.php, line 51]
Trace:
Cake\Error\BaseErrorHandler::handleFatalError() - CORE\src\Error\BaseErrorHandler.php, line 191
Cake\Error\BaseErrorHandler::Cake\Error\{closure}() - CORE\src\Error\BaseErrorHandler.php, line 90
[main] - [internal], line ??



2015-05-21 01:13:53 Error: [Cake\Error\FatalErrorException] Call to undefined method Cake\Routing\RouteBuilder::resource()
Request URL: /cake/debug_kit/toolbar/5cbf8d7a-eebc-4284-a26d-8d5cdbe703f0
Stack Trace:
#0 D:\xampp\htdocs\cake\vendor\cakephp\cakephp\src\Error\BaseErrorHandler.php(90): Cake\Error\BaseErrorHandler->handleFatalError(1, 'Call to undefin...', 'D:\\xampp\\htdocs...', 51)
#1 [internal function]: Cake\Error\BaseErrorHandler->Cake\Error\{closure}()
#2 {main}


2015-05-21 01:13:53 Error: Fatal Error (1): Call to undefined method Cake\Routing\RouteBuilder::resource() in [D:\xampp\htdocs\cake\config\routes.php, line 51]
Trace:
Cake\Error\BaseErrorHandler::handleFatalError() - CORE\src\Error\BaseErrorHandler.php, line 191
Cake\Error\BaseErrorHandler::Cake\Error\{closure}() - CORE\src\Error\BaseErrorHandler.php, line 90
[main] - [internal], line ??



2015-05-21 01:13:53 Error: [Cake\Error\FatalErrorException] Call to undefined method Cake\Routing\RouteBuilder::resource()
Request URL: /cake/debug_kit/toolbar/0f11feff-6668-4f5b-bed1-1128324999ff
Stack Trace:
#0 D:\xampp\htdocs\cake\vendor\cakephp\cakephp\src\Error\BaseErrorHandler.php(90): Cake\Error\BaseErrorHandler->handleFatalError(1, 'Call to undefin...', 'D:\\xampp\\htdocs...', 51)
#1 [internal function]: Cake\Error\BaseErrorHandler->Cake\Error\{closure}()
#2 {main}


2015-05-21 01:14:34 Error: [Cake\Routing\Exception\MissingControllerException] Controller class Api could not be found.
Exception Attributes: array (
  'class' => 'Api',
  'plugin' => NULL,
  'prefix' => NULL,
  '_ext' => NULL,
)
Request URL: /cake/api/items/index
Stack Trace:
#0 D:\xampp\htdocs\cake\webroot\index.php(37): Cake\Routing\Dispatcher->dispatch(Object(Cake\Network\Request), Object(Cake\Network\Response))
#1 {main}


2015-05-21 01:14:40 Error: [Cake\View\Exception\MissingTemplateException] Template file "Items\index.ctp" is missing.
Exception Attributes: array (
  'file' => 'Items\\index.ctp',
)
Request URL: /cake/items
Stack Trace:
#0 D:\xampp\htdocs\cake\vendor\cakephp\cakephp\src\View\View.php(460): Cake\View\View->_getViewFileName(NULL)
#1 D:\xampp\htdocs\cake\vendor\cakephp\cakephp\src\Controller\Controller.php(581): Cake\View\View->render(NULL, NULL)
#2 D:\xampp\htdocs\cake\vendor\cakephp\cakephp\src\Routing\Dispatcher.php(120): Cake\Controller\Controller->render()
#3 D:\xampp\htdocs\cake\vendor\cakephp\cakephp\src\Routing\Dispatcher.php(87): Cake\Routing\Dispatcher->_invoke(Object(App\Controller\ItemsController))
#4 D:\xampp\htdocs\cake\webroot\index.php(37): Cake\Routing\Dispatcher->dispatch(Object(Cake\Network\Request), Object(Cake\Network\Response))
#5 {main}


2015-05-21 01:16:39 Error: [Cake\View\Exception\MissingTemplateException] Template file "Items\index.ctp" is missing.
Exception Attributes: array (
  'file' => 'Items\\index.ctp',
)
Request URL: /cake/items
Stack Trace:
#0 D:\xampp\htdocs\cake\vendor\cakephp\cakephp\src\View\View.php(460): Cake\View\View->_getViewFileName(NULL)
#1 D:\xampp\htdocs\cake\vendor\cakephp\cakephp\src\Controller\Controller.php(581): Cake\View\View->render(NULL, NULL)
#2 D:\xampp\htdocs\cake\vendor\cakephp\cakephp\src\Routing\Dispatcher.php(120): Cake\Controller\Controller->render()
#3 D:\xampp\htdocs\cake\vendor\cakephp\cakephp\src\Routing\Dispatcher.php(87): Cake\Routing\Dispatcher->_invoke(Object(App\Controller\ItemsController))
#4 D:\xampp\htdocs\cake\webroot\index.php(37): Cake\Routing\Dispatcher->dispatch(Object(Cake\Network\Request), Object(Cake\Network\Response))
#5 {main}


2015-05-21 01:16:40 Error: [Cake\View\Exception\MissingTemplateException] Template file "Items\index.ctp" is missing.
Exception Attributes: array (
  'file' => 'Items\\index.ctp',
)
Request URL: /cake/items
Stack Trace:
#0 D:\xampp\htdocs\cake\vendor\cakephp\cakephp\src\View\View.php(460): Cake\View\View->_getViewFileName(NULL)
#1 D:\xampp\htdocs\cake\vendor\cakephp\cakephp\src\Controller\Controller.php(581): Cake\View\View->render(NULL, NULL)
#2 D:\xampp\htdocs\cake\vendor\cakephp\cakephp\src\Routing\Dispatcher.php(120): Cake\Controller\Controller->render()
#3 D:\xampp\htdocs\cake\vendor\cakephp\cakephp\src\Routing\Dispatcher.php(87): Cake\Routing\Dispatcher->_invoke(Object(App\Controller\ItemsController))
#4 D:\xampp\htdocs\cake\webroot\index.php(37): Cake\Routing\Dispatcher->dispatch(Object(Cake\Network\Request), Object(Cake\Network\Response))
#5 {main}


2015-05-21 01:17:14 Error: [Cake\View\Exception\MissingTemplateException] Template file "Items\index.ctp" is missing.
Exception Attributes: array (
  'file' => 'Items\\index.ctp',
)
Request URL: /cake/items
Stack Trace:
#0 D:\xampp\htdocs\cake\vendor\cakephp\cakephp\src\View\View.php(460): Cake\View\View->_getViewFileName(NULL)
#1 D:\xampp\htdocs\cake\vendor\cakephp\cakephp\src\Controller\Controller.php(581): Cake\View\View->render(NULL, NULL)
#2 D:\xampp\htdocs\cake\vendor\cakephp\cakephp\src\Routing\Dispatcher.php(120): Cake\Controller\Controller->render()
#3 D:\xampp\htdocs\cake\vendor\cakephp\cakephp\src\Routing\Dispatcher.php(87): Cake\Routing\Dispatcher->_invoke(Object(App\Controller\ItemsController))
#4 D:\xampp\htdocs\cake\webroot\index.php(37): Cake\Routing\Dispatcher->dispatch(Object(Cake\Network\Request), Object(Cake\Network\Response))
#5 {main}


2015-05-21 01:32:49 Error: Fatal Error (1): Class 'Xml' not found in [D:\xampp\htdocs\cake\src\Template\Items\index.ctp, line 2]
Trace:
Cake\Error\BaseErrorHandler::handleFatalError() - CORE\src\Error\BaseErrorHandler.php, line 191
Cake\Error\BaseErrorHandler::Cake\Error\{closure}() - CORE\src\Error\BaseErrorHandler.php, line 90
[main] - [internal], line ??



2015-05-21 01:32:49 Error: [Cake\Error\FatalErrorException] Class 'Xml' not found
Request URL: /cake/items/index
Stack Trace:
#0 D:\xampp\htdocs\cake\vendor\cakephp\cakephp\src\Error\BaseErrorHandler.php(90): Cake\Error\BaseErrorHandler->handleFatalError(1, 'Class 'Xml' not...', 'D:\\xampp\\htdocs...', 2)
#1 [internal function]: Cake\Error\BaseErrorHandler->Cake\Error\{closure}()
#2 {main}


2015-05-21 01:33:13 Error: Fatal Error (1): Call to undefined method JsonSerializable::fromArray() in [D:\xampp\htdocs\cake\src\Template\Items\index.ctp, line 2]
Trace:
Cake\Error\BaseErrorHandler::handleFatalError() - CORE\src\Error\BaseErrorHandler.php, line 191
Cake\Error\BaseErrorHandler::Cake\Error\{closure}() - CORE\src\Error\BaseErrorHandler.php, line 90
[main] - [internal], line ??



2015-05-21 01:33:14 Error: [Cake\Error\FatalErrorException] Call to undefined method JsonSerializable::fromArray()
Request URL: /cake/items/index
Stack Trace:
#0 D:\xampp\htdocs\cake\vendor\cakephp\cakephp\src\Error\BaseErrorHandler.php(90): Cake\Error\BaseErrorHandler->handleFatalError(1, 'Call to undefin...', 'D:\\xampp\\htdocs...', 2)
#1 [internal function]: Cake\Error\BaseErrorHandler->Cake\Error\{closure}()
#2 {main}


2015-05-21 01:33:23 Error: Fatal Error (1): Call to undefined method PhpParser\Serializer\XML::fromArray() in [D:\xampp\htdocs\cake\src\Template\Items\index.ctp, line 2]
Trace:
Cake\Error\BaseErrorHandler::handleFatalError() - CORE\src\Error\BaseErrorHandler.php, line 191
Cake\Error\BaseErrorHandler::Cake\Error\{closure}() - CORE\src\Error\BaseErrorHandler.php, line 90
[main] - [internal], line ??



2015-05-21 01:33:23 Error: [Cake\Error\FatalErrorException] Call to undefined method PhpParser\Serializer\XML::fromArray()
Request URL: /cake/items/index
Stack Trace:
#0 D:\xampp\htdocs\cake\vendor\cakephp\cakephp\src\Error\BaseErrorHandler.php(90): Cake\Error\BaseErrorHandler->handleFatalError(1, 'Call to undefin...', 'D:\\xampp\\htdocs...', 2)
#1 [internal function]: Cake\Error\BaseErrorHandler->Cake\Error\{closure}()
#2 {main}


2015-05-21 01:35:36 Error: Fatal Error (1): Call to undefined method PhpParser\Serializer\XML::fromArray() in [D:\xampp\htdocs\cake\src\Template\Items\index.ctp, line 2]
Trace:
Cake\Error\BaseErrorHandler::handleFatalError() - CORE\src\Error\BaseErrorHandler.php, line 191
Cake\Error\BaseErrorHandler::Cake\Error\{closure}() - CORE\src\Error\BaseErrorHandler.php, line 90
[main] - [internal], line ??



2015-05-21 01:35:36 Error: [Cake\Error\FatalErrorException] Call to undefined method PhpParser\Serializer\XML::fromArray()
Request URL: /cake/items/index
Stack Trace:
#0 D:\xampp\htdocs\cake\vendor\cakephp\cakephp\src\Error\BaseErrorHandler.php(90): Cake\Error\BaseErrorHandler->handleFatalError(1, 'Call to undefin...', 'D:\\xampp\\htdocs...', 2)
#1 [internal function]: Cake\Error\BaseErrorHandler->Cake\Error\{closure}()
#2 {main}


2015-05-21 01:36:20 Error: Fatal Error (1): Call to undefined method Psy\Util\Json::fromArray() in [D:\xampp\htdocs\cake\src\Template\Items\index.ctp, line 2]
Trace:
Cake\Error\BaseErrorHandler::handleFatalError() - CORE\src\Error\BaseErrorHandler.php, line 191
Cake\Error\BaseErrorHandler::Cake\Error\{closure}() - CORE\src\Error\BaseErrorHandler.php, line 90
[main] - [internal], line ??



2015-05-21 01:36:20 Error: [Cake\Error\FatalErrorException] Call to undefined method Psy\Util\Json::fromArray()
Request URL: /cake/items/index
Stack Trace:
#0 D:\xampp\htdocs\cake\vendor\cakephp\cakephp\src\Error\BaseErrorHandler.php(90): Cake\Error\BaseErrorHandler->handleFatalError(1, 'Call to undefin...', 'D:\\xampp\\htdocs...', 2)
#1 [internal function]: Cake\Error\BaseErrorHandler->Cake\Error\{closure}()
#2 {main}


2015-05-21 01:36:50 Error: Fatal Error (1): Call to undefined method Psy\Util\Json::fromArray() in [D:\xampp\htdocs\cake\src\Template\Items\index.ctp, line 2]
Trace:
Cake\Error\BaseErrorHandler::handleFatalError() - CORE\src\Error\BaseErrorHandler.php, line 191
Cake\Error\BaseErrorHandler::Cake\Error\{closure}() - CORE\src\Error\BaseErrorHandler.php, line 90
[main] - [internal], line ??



2015-05-21 01:36:50 Error: [Cake\Error\FatalErrorException] Call to undefined method Psy\Util\Json::fromArray()
Request URL: /cake/items/index
Stack Trace:
#0 D:\xampp\htdocs\cake\vendor\cakephp\cakephp\src\Error\BaseErrorHandler.php(90): Cake\Error\BaseErrorHandler->handleFatalError(1, 'Call to undefin...', 'D:\\xampp\\htdocs...', 2)
#1 [internal function]: Cake\Error\BaseErrorHandler->Cake\Error\{closure}()
#2 {main}


2015-05-21 01:44:01 Error: [Cake\Routing\Exception\MissingControllerException] Controller class Api could not be found.
Exception Attributes: array (
  'class' => 'Api',
  'plugin' => NULL,
  'prefix' => NULL,
  '_ext' => NULL,
)
Request URL: /cake/api/items/
Stack Trace:
#0 D:\xampp\htdocs\cake\webroot\index.php(37): Cake\Routing\Dispatcher->dispatch(Object(Cake\Network\Request), Object(Cake\Network\Response))
#1 {main}


2015-05-21 01:44:04 Error: [Cake\Routing\Exception\MissingControllerException] Controller class Api could not be found.
Exception Attributes: array (
  'class' => 'Api',
  'plugin' => NULL,
  'prefix' => NULL,
  '_ext' => NULL,
)
Request URL: /cake/api/items
Stack Trace:
#0 D:\xampp\htdocs\cake\webroot\index.php(37): Cake\Routing\Dispatcher->dispatch(Object(Cake\Network\Request), Object(Cake\Network\Response))
#1 {main}


2015-05-21 01:44:07 Error: [Cake\Routing\Exception\MissingControllerException] Controller class Api could not be found.
Exception Attributes: array (
  'class' => 'Api',
  'plugin' => NULL,
  'prefix' => NULL,
  '_ext' => NULL,
)
Request URL: /cake/api/items/index
Stack Trace:
#0 D:\xampp\htdocs\cake\webroot\index.php(37): Cake\Routing\Dispatcher->dispatch(Object(Cake\Network\Request), Object(Cake\Network\Response))
#1 {main}


2015-05-21 01:56:39 Error: [Cake\View\Exception\MissingHelperException] Helper class BarHelper could not be found.
Exception Attributes: array (
  'class' => 'BarHelper',
  'plugin' => NULL,
)
Request URL: /cake/
Stack Trace:
#0 D:\xampp\htdocs\cake\vendor\cakephp\cakephp\src\Core\ObjectRegistry.php(87): Cake\View\HelperRegistry->_throwMissingClassError('Bar', NULL)
#1 D:\xampp\htdocs\cake\vendor\cakephp\cakephp\src\View\View.php(846): Cake\Core\ObjectRegistry->load('Bar', Array)
#2 D:\xampp\htdocs\cake\vendor\cakephp\cakephp\src\View\View.php(749): Cake\View\View->loadHelper('Bar', Array)
#3 D:\xampp\htdocs\cake\vendor\cakephp\cakephp\src\View\View.php(321): Cake\View\View->loadHelpers()
#4 D:\xampp\htdocs\cake\vendor\cakephp\cakephp\src\View\ViewVarsTrait.php(101): Cake\View\View->__construct(Object(Cake\Network\Request), Object(Cake\Network\Response), Object(Cake\Event\EventManager), Array)
#5 D:\xampp\htdocs\cake\vendor\cakephp\cakephp\src\View\ViewVarsTrait.php(71): Cake\Controller\Controller->createView()
#6 D:\xampp\htdocs\cake\vendor\cakephp\cakephp\src\Controller\Controller.php(581): Cake\Controller\Controller->getView()
#7 D:\xampp\htdocs\cake\src\Controller\HomeController.php(21): Cake\Controller\Controller->render()
#8 [internal function]: App\Controller\HomeController->index('home')
#9 D:\xampp\htdocs\cake\vendor\cakephp\cakephp\src\Controller\Controller.php(410): call_user_func_array(Array, Array)
#10 D:\xampp\htdocs\cake\vendor\cakephp\cakephp\src\Routing\Dispatcher.php(114): Cake\Controller\Controller->invokeAction()
#11 D:\xampp\htdocs\cake\vendor\cakephp\cakephp\src\Routing\Dispatcher.php(87): Cake\Routing\Dispatcher->_invoke(Object(App\Controller\HomeController))
#12 D:\xampp\htdocs\cake\webroot\index.php(37): Cake\Routing\Dispatcher->dispatch(Object(Cake\Network\Request), Object(Cake\Network\Response))
#13 {main}


2015-05-21 01:56:40 Error: [Cake\View\Exception\MissingHelperException] Helper class BarHelper could not be found.
Exception Attributes: array (
  'class' => 'BarHelper',
  'plugin' => NULL,
)
Request URL: /cake/
Stack Trace:
#0 D:\xampp\htdocs\cake\vendor\cakephp\cakephp\src\Core\ObjectRegistry.php(87): Cake\View\HelperRegistry->_throwMissingClassError('Bar', NULL)
#1 D:\xampp\htdocs\cake\vendor\cakephp\cakephp\src\View\View.php(846): Cake\Core\ObjectRegistry->load('Bar', Array)
#2 D:\xampp\htdocs\cake\vendor\cakephp\cakephp\src\View\View.php(749): Cake\View\View->loadHelper('Bar', Array)
#3 D:\xampp\htdocs\cake\vendor\cakephp\cakephp\src\View\View.php(321): Cake\View\View->loadHelpers()
#4 D:\xampp\htdocs\cake\vendor\cakephp\cakephp\src\View\ViewVarsTrait.php(101): Cake\View\View->__construct(Object(Cake\Network\Request), Object(Cake\Network\Response), Object(Cake\Event\EventManager), Array)
#5 D:\xampp\htdocs\cake\vendor\cakephp\cakephp\src\View\ViewVarsTrait.php(71): Cake\Controller\Controller->createView()
#6 D:\xampp\htdocs\cake\vendor\cakephp\cakephp\src\Controller\Controller.php(581): Cake\Controller\Controller->getView()
#7 D:\xampp\htdocs\cake\src\Controller\HomeController.php(21): Cake\Controller\Controller->render()
#8 [internal function]: App\Controller\HomeController->index('home')
#9 D:\xampp\htdocs\cake\vendor\cakephp\cakephp\src\Controller\Controller.php(410): call_user_func_array(Array, Array)
#10 D:\xampp\htdocs\cake\vendor\cakephp\cakephp\src\Routing\Dispatcher.php(114): Cake\Controller\Controller->invokeAction()
#11 D:\xampp\htdocs\cake\vendor\cakephp\cakephp\src\Routing\Dispatcher.php(87): Cake\Routing\Dispatcher->_invoke(Object(App\Controller\HomeController))
#12 D:\xampp\htdocs\cake\webroot\index.php(37): Cake\Routing\Dispatcher->dispatch(Object(Cake\Network\Request), Object(Cake\Network\Response))
#13 {main}


2015-05-21 02:00:57 Warning: Warning (512): Method Cake\View\Helper\SessionHelper::flash does not exist in [D:\xampp\htdocs\cake\vendor\cakephp\cakephp\src\View\Helper.php, line 138]
Trace:
Cake\Error\BaseErrorHandler::handleError() - CORE\src\Error\BaseErrorHandler.php, line 138
Cake\View\Helper::__call() - CORE\src\View\Helper.php, line 138
Cake\View\Helper\SessionHelper::flash() - APP/Template\Layout\default.ctp, line 39
include - APP/Template\Layout\default.ctp, line 39
Cake\View\View::_evaluate() - CORE\src\View\View.php, line 815
Cake\View\View::_render() - CORE\src\View\View.php, line 775
Cake\View\View::renderLayout() - CORE\src\View\View.php, line 509
Cake\View\View::render() - CORE\src\View\View.php, line 471
Cake\Controller\Controller::render() - CORE\src\Controller\Controller.php, line 581
App\Controller\HomeController::index() - APP/Controller\HomeController.php, line 21
Cake\Controller\Controller::invokeAction() - CORE\src\Controller\Controller.php, line 410
Cake\Routing\Dispatcher::_invoke() - CORE\src\Routing\Dispatcher.php, line 114
Cake\Routing\Dispatcher::dispatch() - CORE\src\Routing\Dispatcher.php, line 87
[main] - ROOT\webroot\index.php, line 37



2015-05-21 02:02:20 Error: Fatal Error (1): Call to a member function read() on a non-object in [D:\xampp\htdocs\cake\src\Controller\AppController.php, line 41]
Trace:
Cake\Error\BaseErrorHandler::handleFatalError() - CORE\src\Error\BaseErrorHandler.php, line 191
Cake\Error\BaseErrorHandler::Cake\Error\{closure}() - CORE\src\Error\BaseErrorHandler.php, line 90
[main] - [internal], line ??



2015-05-21 02:02:20 Error: [Cake\Error\FatalErrorException] Call to a member function read() on a non-object
Request URL: /cake/
Stack Trace:
#0 D:\xampp\htdocs\cake\vendor\cakephp\cakephp\src\Error\BaseErrorHandler.php(90): Cake\Error\BaseErrorHandler->handleFatalError(1, 'Call to a membe...', 'D:\\xampp\\htdocs...', 41)
#1 [internal function]: Cake\Error\BaseErrorHandler->Cake\Error\{closure}()
#2 {main}


2015-05-21 02:03:19 Error: Fatal Error (1): Call to a member function read() on a non-object in [D:\xampp\htdocs\cake\src\Controller\AppController.php, line 41]
Trace:
Cake\Error\BaseErrorHandler::handleFatalError() - CORE\src\Error\BaseErrorHandler.php, line 191
Cake\Error\BaseErrorHandler::Cake\Error\{closure}() - CORE\src\Error\BaseErrorHandler.php, line 90
[main] - [internal], line ??



2015-05-21 02:03:19 Error: [Cake\Error\FatalErrorException] Call to a member function read() on a non-object
Request URL: /cake/items/point
Stack Trace:
#0 D:\xampp\htdocs\cake\vendor\cakephp\cakephp\src\Error\BaseErrorHandler.php(90): Cake\Error\BaseErrorHandler->handleFatalError(1, 'Call to a membe...', 'D:\\xampp\\htdocs...', 41)
#1 [internal function]: Cake\Error\BaseErrorHandler->Cake\Error\{closure}()
#2 {main}


2015-05-21 02:03:23 Error: Fatal Error (1): Call to a member function read() on a non-object in [D:\xampp\htdocs\cake\src\Controller\AppController.php, line 41]
Trace:
Cake\Error\BaseErrorHandler::handleFatalError() - CORE\src\Error\BaseErrorHandler.php, line 191
Cake\Error\BaseErrorHandler::Cake\Error\{closure}() - CORE\src\Error\BaseErrorHandler.php, line 90
[main] - [internal], line ??



2015-05-21 02:03:23 Error: [Cake\Error\FatalErrorException] Call to a member function read() on a non-object
Request URL: /cake/
Stack Trace:
#0 D:\xampp\htdocs\cake\vendor\cakephp\cakephp\src\Error\BaseErrorHandler.php(90): Cake\Error\BaseErrorHandler->handleFatalError(1, 'Call to a membe...', 'D:\\xampp\\htdocs...', 41)
#1 [internal function]: Cake\Error\BaseErrorHandler->Cake\Error\{closure}()
#2 {main}


